<?xml version="1.0" encoding="UTF-8"?>
<!-- Generated by org.testng.reporters.JUnitReportReporter -->
<testsuite hostname="DESKTOP-4JQCKJ4" failures="0" tests="1" name="testCase.First" time="13.523" errors="0" timestamp="2021-07-23T06:54:25 NPT" skipped="0">
  <testcase classname="testCase.First" name="start" time="13.523"/>
  <system-out/>
</testsuite> <!-- testCase.First -->
