<?xml version="1.0" encoding="UTF-8"?>
<!-- Generated by org.testng.reporters.JUnitReportReporter -->
<testsuite hostname="DESKTOP-4JQCKJ4" failures="0" tests="1" name="testCase.Amazon" time="2.919" errors="0" timestamp="2021-07-24T11:26:17 NPT" skipped="0">
  <testcase classname="testCase.Amazon" name="selectRandomDropdown" time="2.919"/>
  <system-out/>
</testsuite> <!-- testCase.Amazon -->
