<?xml version="1.0" encoding="UTF-8"?>
<!-- Generated by org.testng.reporters.JUnitReportReporter -->
<testsuite hostname="DESKTOP-4JQCKJ4" failures="0" tests="2" name="testCase.Facebook" time="7.413" errors="0" timestamp="2021-07-24T20:52:47 NPT" skipped="0">
  <testcase classname="testCase.Facebook" name="validateLoginUser" time="6.816"/>
  <system-out/>
  <testcase classname="testCase.Facebook" name="validateHomepage" time="0.597"/>
  <system-out/>
</testsuite> <!-- testCase.Facebook -->
