<?xml version="1.0" encoding="UTF-8"?>
<!-- Generated by org.testng.reporters.JUnitReportReporter -->
<testsuite hostname="DESKTOP-4JQCKJ4" failures="0" tests="1" name="testCase.Facebook" time="0.006" errors="0" timestamp="2021-07-24T11:38:23 NPT" skipped="0">
  <testcase classname="testCase.Facebook" name="tetst" time="0.006"/>
  <system-out/>
</testsuite> <!-- testCase.Facebook -->
