<?xml version="1.0" encoding="UTF-8"?>
<!-- Generated by org.testng.reporters.JUnitReportReporter -->
<testsuite hostname="DESKTOP-4JQCKJ4" failures="0" tests="1" name="helper.testing" time="18.017" errors="0" timestamp="2021-07-23T10:36:08 NPT" skipped="0">
  <testcase classname="helper.testing" name="hello" time="18.017"/>
  <system-out/>
</testsuite> <!-- helper.testing -->
