<?xml version="1.0" encoding="UTF-8"?>
<!-- Generated by org.testng.reporters.JUnitReportReporter -->
<testsuite hostname="DESKTOP-4JQCKJ4" failures="0" tests="1" name="testCase.Amazon" time="2.630" errors="0" timestamp="2021-07-26T09:24:15 NPT" skipped="0">
  <testcase classname="testCase.Amazon" name="selectRandomDropdown" time="2.630"/>
  <system-out/>
</testsuite> <!-- testCase.Amazon -->
