<?xml version="1.0" encoding="UTF-8"?>
<!-- Generated by org.testng.reporters.JUnitReportReporter -->
<testsuite hostname="DESKTOP-4JQCKJ4" failures="0" tests="1" name="helper.Base" time="3.131" errors="0" timestamp="2021-07-23T10:01:01 NPT" skipped="0">
  <testcase classname="helper.Base" name="initializeDriver" time="3.131"/>
  <system-out/>
</testsuite> <!-- helper.Base -->
