<?xml version="1.0" encoding="UTF-8"?>
<!-- Generated by org.testng.reporters.JUnitReportReporter -->
<testsuite hostname="DESKTOP-4JQCKJ4" failures="0" tests="1" name="testCase.Amazon" time="3.175" errors="0" timestamp="2021-07-25T13:14:52 NPT" skipped="0">
  <testcase classname="testCase.Amazon" name="selectRandomDropdown" time="3.175"/>
  <system-out/>
</testsuite> <!-- testCase.Amazon -->
